app/build/intermediates/manifest_merge_blame_file/debug/manifest-merger-blame-debug-report.txt
1<?xml version="1.0" encoding="utf-8"?>
2<manifest xmlns:android="http://schemas.android.com/apk/res/android"
3    package="com.mehnaz.cookbookbymehnaz"
4    android:versionCode="1"
5    android:versionName="1.0" >
6
7    <uses-sdk
8        android:minSdkVersion="17"
8-->src\main\AndroidManifest.xml
9        android:targetSdkVersion="29" />
9-->src\main\AndroidManifest.xml
10
11    <application
11-->src\main\AndroidManifest.xml:5:5-22:19
12        android:allowBackup="true"
12-->src\main\AndroidManifest.xml:6:9-35
13        android:appComponentFactory="androidx.core.app.CoreComponentFactory"
13-->[androidx.core:core:1.3.0] AndroidManifest.xml:24:18-86
14        android:debuggable="true"
15        android:icon="@mipmap/ic_launcher"
15-->src\main\AndroidManifest.xml:7:9-43
16        android:label="@string/app_name"
16-->src\main\AndroidManifest.xml:8:9-41
17        android:roundIcon="@mipmap/ic_launcher_round"
17-->src\main\AndroidManifest.xml:9:9-54
18        android:supportsRtl="true"
18-->src\main\AndroidManifest.xml:10:9-35
19        android:testOnly="true"
20        android:theme="@style/NoActionBarTheme" >
20-->src\main\AndroidManifest.xml:11:9-48
21        <activity android:name="com.mehnaz.cookbookbymehnaz.FavoriteDishesActivity" />
21-->src\main\AndroidManifest.xml:12:9-69
21-->src\main\AndroidManifest.xml:12:19-57
22        <activity android:name="com.mehnaz.cookbookbymehnaz.ShortcutItemsActivity" />
22-->src\main\AndroidManifest.xml:13:9-59
22-->src\main\AndroidManifest.xml:13:19-56
23        <activity android:name="com.mehnaz.cookbookbymehnaz.MainActivity" >
23-->src\main\AndroidManifest.xml:14:9-20:20
23-->src\main\AndroidManifest.xml:14:19-47
24            <intent-filter>
24-->src\main\AndroidManifest.xml:15:13-19:29
25                <action android:name="android.intent.action.MAIN" />
25-->src\main\AndroidManifest.xml:16:17-69
25-->src\main\AndroidManifest.xml:16:25-66
26
27                <category android:name="android.intent.category.LAUNCHER" />
27-->src\main\AndroidManifest.xml:18:17-77
27-->src\main\AndroidManifest.xml:18:27-74
28            </intent-filter>
29        </activity>
30        <activity android:name="com.mehnaz.cookbookbymehnaz.DashboardActivity" />
30-->src\main\AndroidManifest.xml:21:9-55
30-->src\main\AndroidManifest.xml:21:19-52
31
32        <provider
32-->[androidx.lifecycle:lifecycle-process:2.2.0] AndroidManifest.xml:25:9-29:43
33            android:name="androidx.lifecycle.ProcessLifecycleOwnerInitializer"
33-->[androidx.lifecycle:lifecycle-process:2.2.0] AndroidManifest.xml:26:13-79
34            android:authorities="com.mehnaz.cookbookbymehnaz.lifecycle-process"
34-->[androidx.lifecycle:lifecycle-process:2.2.0] AndroidManifest.xml:27:13-69
35            android:exported="false"
35-->[androidx.lifecycle:lifecycle-process:2.2.0] AndroidManifest.xml:28:13-37
36            android:multiprocess="true" />
36-->[androidx.lifecycle:lifecycle-process:2.2.0] AndroidManifest.xml:29:13-40
37    </application>
38
39</manifest>